<?xml version="1.0" encoding="UTF-8"?>
<!-- Generated by org.testng.reporters.JUnitReportReporter -->
<testsuite ignored="0" hostname="DESKTOP-3I2N5J5" failures="0" tests="3" name="BenJerry.Phone2Action.Twitter" time="36.092" errors="0" timestamp="15 Aug 2020 21:25:47 GMT" skipped="0">
  <testcase classname="BenJerry.Phone2Action.Twitter" name="twitterPhoneButtonTest" time="7.631"/>
  <testcase classname="BenJerry.Phone2Action.Twitter" name="twitterButtonTest" time="26.018"/>
  <testcase classname="BenJerry.Phone2Action.Twitter" name="twitterLinkTest" time="2.443"/>
</testsuite> <!-- BenJerry.Phone2Action.Twitter -->
