<?xml version="1.0" encoding="UTF-8"?>
<!-- Generated by org.testng.reporters.JUnitReportReporter -->
<testsuite ignored="0" hostname="DESKTOP-3I2N5J5" failures="0" tests="7" name="BenJerry.Phone2Action.EmailForm" time="21.077" errors="0" timestamp="15 Aug 2020 20:32:05 GMT" skipped="0">
  <testcase classname="BenJerry.Phone2Action.EmailForm" name="nameOnlyTest" time="0.342"/>
  <testcase classname="BenJerry.Phone2Action.EmailForm" name="emailOnlyTest" time="0.239"/>
  <testcase classname="BenJerry.Phone2Action.EmailForm" name="titleOnlyTest" time="3.215"/>
  <testcase classname="BenJerry.Phone2Action.EmailForm" name="phoneOnlyTest" time="0.268"/>
  <testcase classname="BenJerry.Phone2Action.EmailForm" name="addressOnlyTest" time="1.331"/>
  <testcase classname="BenJerry.Phone2Action.EmailForm" name="fullFormCompleteTest" time="15.494"/>
  <testcase classname="BenJerry.Phone2Action.EmailForm" name="zipOnlyTest" time="0.188"/>
</testsuite> <!-- BenJerry.Phone2Action.EmailForm -->
