<?xml version="1.0" encoding="UTF-8"?>
<!-- Generated by org.testng.reporters.JUnitReportReporter -->
<testsuite ignored="0" hostname="DESKTOP-3I2N5J5" failures="0" tests="4" name="BenJerry.Phone2Action.PhoneForm" time="9.649" errors="0" timestamp="15 Aug 2020 18:38:51 GMT" skipped="0">
  <testcase classname="BenJerry.Phone2Action.PhoneForm" name="completeFormTest" time="2.835"/>
  <testcase classname="BenJerry.Phone2Action.PhoneForm" name="addressOnlyTest" time="6.344"/>
  <testcase classname="BenJerry.Phone2Action.PhoneForm" name="phoneOnlyTest" time="0.243"/>
  <testcase classname="BenJerry.Phone2Action.PhoneForm" name="zipOnlyTest" time="0.227"/>
</testsuite> <!-- BenJerry.Phone2Action.PhoneForm -->
