<?xml version="1.0" encoding="UTF-8"?>
<!-- Generated by org.testng.reporters.JUnitReportReporter -->
<testsuite ignored="0" hostname="DESKTOP-3I2N5J5" failures="0" tests="2" name="BenJerry.Phone2Action.FormFieldValidate" time="7.193" errors="0" timestamp="15 Aug 2020 20:30:26 GMT" skipped="0">
  <testcase classname="BenJerry.Phone2Action.FormFieldValidate" name="validateAllEmailFieldsTest" time="3.754"/>
  <testcase classname="BenJerry.Phone2Action.FormFieldValidate" name="validateCallFieldsTest" time="3.439"/>
</testsuite> <!-- BenJerry.Phone2Action.FormFieldValidate -->
