<?xml version="1.0" encoding="UTF-8"?>
<!-- Generated by org.testng.reporters.JUnitReportReporter -->
<testsuite ignored="0" hostname="DESKTOP-3I2N5J5" failures="0" tests="3" name="BenJerry.Phone2Action.Twitter" time="30.910" errors="0" timestamp="15 Aug 2020 20:13:41 GMT" skipped="0">
  <testcase classname="BenJerry.Phone2Action.Twitter" name="twitterPhoneButtonTest" time="17.844"/>
  <testcase classname="BenJerry.Phone2Action.Twitter" name="twitterButtonTest" time="10.890"/>
  <testcase classname="BenJerry.Phone2Action.Twitter" name="twitterLinkTest" time="2.176"/>
</testsuite> <!-- BenJerry.Phone2Action.Twitter -->
