<?xml version="1.0" encoding="UTF-8"?>
<!-- Generated by org.testng.reporters.JUnitReportReporter -->
<testsuite ignored="0" hostname="DESKTOP-3I2N5J5" failures="0" tests="3" name="BenJerry.Phone2Action.Facebook" time="43.323" errors="0" timestamp="15 Aug 2020 20:15:05 GMT" skipped="0">
  <testcase classname="BenJerry.Phone2Action.Facebook" name="facebookPhoneButtonTest" time="17.622"/>
  <testcase classname="BenJerry.Phone2Action.Facebook" name="facebookButtonTest" time="21.451"/>
  <testcase classname="BenJerry.Phone2Action.Facebook" name="facebookLinkTest" time="4.250"/>
</testsuite> <!-- BenJerry.Phone2Action.Facebook -->
